<?xml version="1.0" encoding="UTF-8"?>
<!-- Generated by org.testng.reporters.JUnitReportReporter -->
<testsuite hostname="DESKTOP-LP332FI" failures="0" tests="1" name="com.bpract.testscripts.CommunicationTest" time="12.263" errors="0" timestamp="2023-08-10T12:05:38 IST" skipped="0">
  <testcase classname="com.bpract.testscripts.CommunicationTest" name="verifyCreateArticleWithBlankData" time="12.263"/>
  <system-out>
Login Successful! You are in Articles Page You are in Add Article Pop up Article Name Required Msg found Article Id Required Msg found Article Description Required Msg found  </system-out>
</testsuite> <!-- com.bpract.testscripts.CommunicationTest -->
