<?xml version="1.0" encoding="UTF-8"?>
<!-- Generated by org.testng.reporters.JUnitReportReporter -->
<testsuite hostname="DESKTOP-LP332FI" failures="0" tests="2" name="com.bpract.testscripts.CreateTicketTest" time="23.162" errors="0" timestamp="2023-08-09T12:37:15 IST" skipped="0">
  <testcase classname="com.bpract.testscripts.CreateTicketTest" name="verifyValidCreateTicketForAdmin" time="14.871"/>
  <system-out>
Login Successful!!! You are in Help Center Page!  </system-out>
  <testcase classname="com.bpract.testscripts.CreateTicketTest" name="verifyCreatePrioritiesInTicket" time="8.291"/>
  <system-out>
Login Successful!!! You are in Help Center Page! You are in Add Priority Pop up  </system-out>
</testsuite> <!-- com.bpract.testscripts.CreateTicketTest -->
