<?xml version="1.0" encoding="UTF-8"?>
<!-- Generated by org.testng.reporters.JUnitReportReporter -->
<testsuite skipped="0" hostname="DESKTOP-LP332FI" name="com.bpract.testscripts.HomeTest" tests="1" failures="0" timestamp="2023-05-02T17:30:41 IST" time="12.932" errors="0">
  <testcase name="verifyProfileEditInformation" time="12.932" classname="com.bpract.testscripts.HomeTest"/>
  <system-out>
Login Successful!!! Profile Page  </system-out>
</testsuite> <!-- com.bpract.testscripts.HomeTest -->
