<?xml version="1.0" encoding="UTF-8"?>
<!-- Generated by org.testng.reporters.JUnitReportReporter -->
<testsuite hostname="DESKTOP-LP332FI" failures="0" tests="1" name="com.bpract.testscripts.LoginTest" time="6.262" errors="0" timestamp="2023-08-07T18:00:57 IST" skipped="0">
  <testcase classname="com.bpract.testscripts.LoginTest" name="verifyLoginWithValidDataUser" time="6.262"/>
  <system-out>
Login Successful!!!  </system-out>
</testsuite> <!-- com.bpract.testscripts.LoginTest -->
