<?xml version="1.0" encoding="UTF-8"?>
<!-- Generated by org.testng.reporters.JUnitReportReporter -->
<testsuite hostname="DESKTOP-LP332FI" failures="0" tests="1" name="com.bpract.testscripts.ToolsTest" time="10.461" errors="0" timestamp="2023-08-03T15:06:07 IST" skipped="0">
  <testcase classname="com.bpract.testscripts.ToolsTest" name="verifyValidAddDocument" time="10.461"/>
  <system-out>
Login Successful!!! You are in Documents Page Add Document Pop Up!  </system-out>
</testsuite> <!-- com.bpract.testscripts.ToolsTest -->
